./Makefile:33: illegal token in column 21, giving up (hint: fix the file or remove it from the working set)
./my_hunter:1: MAJOR:C-O1
./printf/function_1_print.o:1: MAJOR:C-O1
./printf/function_2_print.o:1: MAJOR:C-O1
./printf/function_3_print.o:1: MAJOR:C-O1
./printf/function_4_print.o:1: MAJOR:C-O1
./printf/function_6_print.o:1: MAJOR:C-O1
./printf/function_print_float_pow_null.o:1: MAJOR:C-O1
./printf/function_print_float_pow_pos.o:1: MAJOR:C-O1
./printf/my_compute_power_rec.o:1: MAJOR:C-O1
./printf/my_getnbr.o:1: MAJOR:C-O1
./printf/my_printf.o:1: MAJOR:C-O1
./printf/my_put_nbr.o:1: MAJOR:C-O1
./printf/my_put_nbr_base.o:1: MAJOR:C-O1
./printf/my_put_nbr_ll.o:1: MAJOR:C-O1
./printf/my_putchar.o:1: MAJOR:C-O1
./printf/my_putstr.o:1: MAJOR:C-O1
./printf/my_showstr.o:1: MAJOR:C-O1
./printf/my_strlen.o:1: MAJOR:C-O1
./printf/print_under_fonc.o:1: MAJOR:C-O1
./src/click_on_menu.c:13: MINOR:C-F8
./src/click_on_menu.c:16: MAJOR:C-C1
./src/click_on_menu.c:17: MINOR:C-F8
./src/click_on_menu.c:19: MINOR:C-F8
./src/click_on_menu.c:26: MINOR:C-F8
./src/click_on_menu.c:29: MAJOR:C-C1
./src/click_on_menu.c:31: MINOR:C-F8
./src/click_on_menu.o:1: MAJOR:C-O1
./src/game_view.c:17: MAJOR:C-F3
./src/game_view.c:31: MAJOR:C-C1
./src/game_view.c:33: MAJOR:C-F4
./src/game_view.c:34: MAJOR:C-F4
./src/game_view.c:35: MAJOR:C-F4
./src/game_view.c:36: MAJOR:C-F4
./src/game_view.c:36: MINOR:C-L3
./src/game_view.c:37: MAJOR:C-F4
./src/game_view.c:38: MAJOR:C-F4
./src/game_view.c:39: MAJOR:C-F4
./src/game_view.c:40: MAJOR:C-F4
./src/game_view.c:41: MAJOR:C-F4
./src/game_view.c:42: MAJOR:C-F4
./src/game_view.c:43: MAJOR:C-F4
./src/game_view.c:44: MAJOR:C-F4
./src/game_view.c:45: MAJOR:C-F4
./src/game_view.c:46: MAJOR:C-F4
./src/game_view.c:47: MAJOR:C-F4
./src/game_view.c:48: MAJOR:C-F4
./src/game_view.c:49: MAJOR:C-F4
./src/game_view.c:50: MAJOR:C-F4
./src/game_view.c:51: MAJOR:C-F4
./src/game_view.c:52: INFO:C-A3
./src/game_view.o:1: MAJOR:C-O1
./src/main.c:1: MINOR:C-G1
./src/main.c:6: MINOR:C-L3
./src/main.c:16: MINOR:C-G7
./src/main.c:20: MAJOR:C-F3
./src/main.c:23: MAJOR:C-F3
./src/main.c:26: MAJOR:C-F3
./src/main.c:29: MAJOR:C-F3
./src/main.c:29: MINOR:C-F8
./src/main.c:30: MINOR:C-F8
./src/main.c:34: MAJOR:C-F4
./src/main.c:35: MAJOR:C-F4
./src/main.c:36: MAJOR:C-F4
./src/main.c:36: MINOR:C-F8
./src/main.c:37: MAJOR:C-F4
./src/main.c:38: MAJOR:C-F4
./src/main.c:39: MAJOR:C-F4
./src/main.c:40: MAJOR:C-F4
./src/main.c:41: MAJOR:C-F3
./src/main.c:41: MAJOR:C-F4
./src/main.c:42: MAJOR:C-F4
./src/main.c:43: MAJOR:C-F4
./src/main.c:44: MAJOR:C-F4
./src/main.c:45: MAJOR:C-F4
./src/main.c:46: MAJOR:C-F4
./src/main.c:47: MAJOR:C-F4
./src/main.c:48: MAJOR:C-F4
./src/main.c:48: MINOR:C-F8
./src/main.c:49: MAJOR:C-F4
./src/main.c:50: MAJOR:C-F4
./src/main.c:51: MAJOR:C-F4
./src/main.c:52: MAJOR:C-F4
./src/main.c:53: MAJOR:C-F4
./src/main.c:54: MAJOR:C-F4
./src/main.c:55: MAJOR:C-F4
./src/main.c:56: MAJOR:C-F4
./src/main.c:57: MAJOR:C-F4
./src/main.c:58: MAJOR:C-F4
./src/main.c:59: MAJOR:C-F4
./src/main.c:59: MINOR:C-F8
./src/main.c:60: MAJOR:C-F4
./src/main.c:61: MAJOR:C-F4
./src/main.c:61: MINOR:C-L3
./src/main.c:62: MAJOR:C-F4
./src/main.c:62: MINOR:C-L3
./src/main.c:63: MAJOR:C-C1
./src/main.c:63: MAJOR:C-F4
./src/main.c:64: MAJOR:C-F4
./src/main.c:65: MAJOR:C-C1
./src/main.c:65: MAJOR:C-F4
./src/main.c:66: MAJOR:C-C1
./src/main.c:66: MAJOR:C-F4
./src/main.c:67: MAJOR:C-F4
./src/main.c:68: MAJOR:C-F4
./src/main.c:69: MAJOR:C-F4
./src/main.c:70: MAJOR:C-F4
./src/main.c:71: MAJOR:C-F4
./src/main.c:71: MINOR:C-L3
./src/main.c:72: MAJOR:C-F4
./src/main.c:73: MAJOR:C-F4
./src/main.c:74: MAJOR:C-F4
./src/main.c:74: MINOR:C-F8
./src/main.c:75: MAJOR:C-F4
./src/main.c:75: MINOR:C-F8
./src/main.c:76: MAJOR:C-F4
./src/main.c:76: MINOR:C-F8
./src/main.c:77: MAJOR:C-F4
./src/main.c:78: MAJOR:C-F4
./src/main.c:79: MAJOR:C-F4
./src/main.c:79: MINOR:C-F8
./src/main.c:80: MAJOR:C-F4
./src/main.c:81: MAJOR:C-F4
./src/main.c:82: MAJOR:C-F4
./src/main.c:83: MAJOR:C-F4
./src/main.c:84: MAJOR:C-F4
./src/main.c:85: MAJOR:C-F4
./src/main.c:86: MAJOR:C-F4
./src/main.c:87: MAJOR:C-F4
./src/main.c:87: MINOR:C-F8
./src/main.c:88: MAJOR:C-F4
./src/main.c:88: MINOR:C-F8
./src/main.c:89: MAJOR:C-F4
./src/main.c:90: MAJOR:C-F4
./src/main.c:91: MAJOR:C-F4
./src/main.c:92: MAJOR:C-F4
./src/main.c:93: MAJOR:C-F4
./src/main.c:94: MAJOR:C-F4
./src/main.c:95: MAJOR:C-F4
./src/main.c:96: MAJOR:C-F4
./src/main.c:97: MAJOR:C-F4
./src/main.o:1: MAJOR:C-O1
